빌드 시작: 2019-02-23 오후 9:27:18
     1>2 노드의 "C:\Users\스마일르\Documents\Visual Studio 2010\Projects\Baekjoon2\Baekjoon2\Baekjoon2.vcxproj" 프로젝트(build 대상)입니다.
     1>InitializeBuildStatus:
         "Debug\Baekjoon2.unsuccessfulbuild"에 연결(touching)하고 있습니다.
       ClCompile:
         모든 출력이 최신 상태입니다.
       ManifestResourceCompile:
         모든 출력이 최신 상태입니다.
       Link:
         c:\Program Files (x86)\Microsoft Visual Studio 10.0\VC\bin\link.exe /ERRORREPORT:PROMPT /OUT:"C:\Users\스마일르\Documents\Visual Studio 2010\Projects\Baekjoon2\Debug\Baekjoon2.exe" /INCREMENTAL /NOLOGO kernel32.lib user32.lib gdi32.lib winspool.lib comdlg32.lib advapi32.lib shell32.lib ole32.lib oleaut32.lib uuid.lib odbc32.lib odbccp32.lib /MANIFEST /ManifestFile:"Debug\Baekjoon2.exe.intermediate.manifest" /MANIFESTUAC:"level='asInvoker' uiAccess='false'" /DEBUG /PDB:"C:\Users\스마일르\Documents\Visual Studio 2010\Projects\Baekjoon2\Debug\Baekjoon2.pdb" /SUBSYSTEM:CONSOLE /TLBID:1 /DYNAMICBASE /NXCOMPAT /IMPLIB:"C:\Users\스마일르\Documents\Visual Studio 2010\Projects\Baekjoon2\Debug\Baekjoon2.lib" /MACHINE:X86 Debug\Baekjoon2.exe.embed.manifest.res
         "Debug\3_괄호.obj"
       Manifest:
         C:\Program Files (x86)\Microsoft SDKs\Windows\v7.0A\bin\mt.exe /nologo /verbose /out:"Debug\Baekjoon2.exe.embed.manifest" /manifest Debug\Baekjoon2.exe.intermediate.manifest
         모든 출력이 최신 상태입니다.
       LinkEmbedManifest:
         모든 출력이 최신 상태입니다.
         Baekjoon2.vcxproj -> C:\Users\스마일르\Documents\Visual Studio 2010\Projects\Baekjoon2\Debug\Baekjoon2.exe
       FinalizeBuildStatus:
         "Debug\Baekjoon2.unsuccessfulbuild" 파일을 삭제하고 있습니다.
         "Debug\Baekjoon2.lastbuildstate"에 연결(touching)하고 있습니다.
     1>"C:\Users\스마일르\Documents\Visual Studio 2010\Projects\Baekjoon2\Baekjoon2\Baekjoon2.vcxproj" 프로젝트를 빌드했습니다(build 대상).

빌드했습니다.

경과 시간: 00:00:01.24
